<?xml version="1.0" encoding="UTF-8"?>
<!-- Generated by org.testng.reporters.JUnitReportReporter -->
<testsuite hostname="DESKTOP-B4FJRH8" failures="0" tests="4" name="com.terotam.TeroTam.NewTest" time="186.958" errors="0" timestamp="2024-07-31T17:10:09 IST" skipped="0">
  <testcase classname="com.terotam.TeroTam.NewTest" name="login" time="12.237"/>
  <testcase classname="com.terotam.TeroTam.NewTest" name="assetMgmt" time="160.385"/>
  <testcase classname="com.terotam.TeroTam.NewTest" name="assetFilter" time="7.644"/>
  <testcase classname="com.terotam.TeroTam.NewTest" name="resetFilter" time="6.692"/>
</testsuite> <!-- com.terotam.TeroTam.NewTest -->
