<?xml version="1.0" encoding="UTF-8"?>
<!-- Generated by org.testng.reporters.JUnitReportReporter -->
<testsuite hostname="DESKTOP-B4FJRH8" failures="0" tests="2" name="com.terotam.TeroTam.Ladakibahin" time="32.049" errors="0" timestamp="2025-01-24T16:21:25 IST" skipped="0">
  <testcase classname="com.terotam.TeroTam.Ladakibahin" name="login" time="32.047"/>
  <testcase classname="com.terotam.TeroTam.Ladakibahin" name="login2" time="0.002"/>
</testsuite> <!-- com.terotam.TeroTam.Ladakibahin -->
